<?xml version="1.0" encoding="UTF-8"?>
<!-- Generated by org.testng.reporters.JUnitReportReporter -->
<testsuite hostname="DESKTOP-RTJQNBO" failures="0" tests="1" name="com.todos.tests.AddTodoTest" time="19.793" errors="0" timestamp="2024-04-20T01:03:40 CEST" skipped="0">
  <testcase classname="com.todos.tests.AddTodoTest" name="icanAddToDo" time="19.793"/>
  <system-out/>
</testsuite> <!-- com.todos.tests.AddTodoTest -->
